<?xml version="1.0" encoding="UTF-8"?>
<!-- Generated by org.testng.reporters.JUnitReportReporter -->
<testsuite hostname="SUKANNYAG-WIN10" failures="0" tests="10" name="TestRunner.HomePageTest" time="23.958" errors="0" timestamp="2022-08-04T01:28:08 IST" skipped="0">
  <testcase classname="TestRunner.HomePageTest" name="clickAll" time="1.075"/>
  <system-out/>
  <testcase classname="TestRunner.HomePageTest" name="clickOnElectronic" time="3.274"/>
  <system-out/>
  <testcase classname="TestRunner.HomePageTest" name="selectTV" time="6.155"/>
  <system-out/>
  <testcase classname="TestRunner.HomePageTest" name="Televisions" time="3.325"/>
  <system-out/>
  <testcase classname="TestRunner.HomePageTest" name="samsung" time="0.250"/>
  <system-out/>
  <testcase classname="TestRunner.HomePageTest" name="sort" time="1.330"/>
  <system-out/>
  <testcase classname="TestRunner.HomePageTest" name="highToLow" time="0.217"/>
  <system-out/>
  <testcase classname="TestRunner.HomePageTest" name="selectSecondItem" time="5.603"/>
  <system-out/>
  <testcase classname="TestRunner.HomePageTest" name="getBack" time="2.662"/>
  <system-out/>
  <testcase classname="TestRunner.HomePageTest" name="scrolldown" time="0.067"/>
  <system-out/>
</testsuite> <!-- TestRunner.HomePageTest -->
