<?xml version="1.0" encoding="UTF-8"?>
<!-- Generated by org.testng.reporters.JUnitReportReporter -->
<testsuite hostname="SUKANNYAG-WIN10" failures="0" tests="10" name="TestRunner.HomePageTest" time="31.035" errors="0" timestamp="2022-08-03T21:27:17 IST" skipped="0">
  <testcase classname="TestRunner.HomePageTest" name="clickAll" time="0.994"/>
  <system-out/>
  <testcase classname="TestRunner.HomePageTest" name="clickOnElectronic" time="3.375"/>
  <system-out/>
  <testcase classname="TestRunner.HomePageTest" name="selectTV" time="7.206"/>
  <system-out/>
  <testcase classname="TestRunner.HomePageTest" name="Televisions" time="4.421"/>
  <system-out/>
  <testcase classname="TestRunner.HomePageTest" name="samsung" time="0.363"/>
  <system-out/>
  <testcase classname="TestRunner.HomePageTest" name="sort" time="1.150"/>
  <system-out/>
  <testcase classname="TestRunner.HomePageTest" name="highToLow" time="0.308"/>
  <system-out/>
  <testcase classname="TestRunner.HomePageTest" name="selectSecondItem" time="8.922"/>
  <system-out/>
  <testcase classname="TestRunner.HomePageTest" name="getBack" time="4.223"/>
  <system-out/>
  <testcase classname="TestRunner.HomePageTest" name="scrolldown" time="0.073"/>
  <system-out/>
</testsuite> <!-- TestRunner.HomePageTest -->
