<?xml version="1.0" encoding="UTF-8"?>
<!-- Generated by org.testng.reporters.JUnitReportReporter -->
<testsuite hostname="SUKANNYAG-WIN10" failures="0" tests="10" name="TestRunner.HomePageTest" time="26.013" errors="0" timestamp="2022-08-04T01:35:25 IST" skipped="0">
  <testcase classname="TestRunner.HomePageTest" name="clickAll" time="1.153"/>
  <system-out/>
  <testcase classname="TestRunner.HomePageTest" name="clickOnElectronic" time="3.313"/>
  <system-out/>
  <testcase classname="TestRunner.HomePageTest" name="selectTV" time="2.896"/>
  <system-out/>
  <testcase classname="TestRunner.HomePageTest" name="Televisions" time="6.954"/>
  <system-out/>
  <testcase classname="TestRunner.HomePageTest" name="samsung" time="0.320"/>
  <system-out/>
  <testcase classname="TestRunner.HomePageTest" name="sort" time="1.330"/>
  <system-out/>
  <testcase classname="TestRunner.HomePageTest" name="highToLow" time="0.228"/>
  <system-out/>
  <testcase classname="TestRunner.HomePageTest" name="selectSecondItem" time="6.261"/>
  <system-out/>
  <testcase classname="TestRunner.HomePageTest" name="getBack" time="3.502"/>
  <system-out/>
  <testcase classname="TestRunner.HomePageTest" name="scrolldown" time="0.056"/>
  <system-out/>
</testsuite> <!-- TestRunner.HomePageTest -->
