<?xml version="1.0" encoding="UTF-8"?>
<!-- Generated by org.testng.reporters.JUnitReportReporter -->
<testsuite hostname="SUKANNYAG-WIN10" failures="0" tests="9" name="TestRunner.HomePageTest" time="28.646" errors="0" timestamp="2022-08-03T15:30:29 IST" skipped="0">
  <testcase classname="TestRunner.HomePageTest" name="clickAll" time="1.360"/>
  <system-out/>
  <testcase classname="TestRunner.HomePageTest" name="clickOnElectronic" time="0.175"/>
  <system-out/>
  <testcase classname="TestRunner.HomePageTest" name="selectTV" time="1.194"/>
  <system-out/>
  <testcase classname="TestRunner.HomePageTest" name="Televisions" time="7.675"/>
  <system-out/>
  <testcase classname="TestRunner.HomePageTest" name="samsung" time="0.244"/>
  <system-out/>
  <testcase classname="TestRunner.HomePageTest" name="sort" time="1.238"/>
  <system-out/>
  <testcase classname="TestRunner.HomePageTest" name="highToLow" time="0.277"/>
  <system-out/>
  <testcase classname="TestRunner.HomePageTest" name="selectSecondItem" time="12.379"/>
  <system-out/>
  <testcase classname="TestRunner.HomePageTest" name="getBack" time="4.104"/>
  <system-out/>
</testsuite> <!-- TestRunner.HomePageTest -->
