<?xml version="1.0" encoding="UTF-8"?>
<!-- Generated by org.testng.reporters.JUnitReportReporter -->
<testsuite hostname="SUKANNYAG-WIN10" failures="0" tests="10" name="TestRunner.HomePageTest" time="34.641" errors="0" timestamp="2022-08-03T21:30:19 IST" skipped="0">
  <testcase classname="TestRunner.HomePageTest" name="clickAll" time="1.059"/>
  <system-out/>
  <testcase classname="TestRunner.HomePageTest" name="clickOnElectronic" time="3.252"/>
  <system-out/>
  <testcase classname="TestRunner.HomePageTest" name="selectTV" time="7.595"/>
  <system-out/>
  <testcase classname="TestRunner.HomePageTest" name="Televisions" time="5.275"/>
  <system-out/>
  <testcase classname="TestRunner.HomePageTest" name="samsung" time="0.423"/>
  <system-out/>
  <testcase classname="TestRunner.HomePageTest" name="sort" time="2.446"/>
  <system-out/>
  <testcase classname="TestRunner.HomePageTest" name="highToLow" time="0.266"/>
  <system-out/>
  <testcase classname="TestRunner.HomePageTest" name="selectSecondItem" time="10.745"/>
  <system-out/>
  <testcase classname="TestRunner.HomePageTest" name="getBack" time="3.521"/>
  <system-out/>
  <testcase classname="TestRunner.HomePageTest" name="scrolldown" time="0.059"/>
  <system-out/>
</testsuite> <!-- TestRunner.HomePageTest -->
