<?xml version="1.0" encoding="UTF-8"?>
<!-- Generated by org.testng.reporters.JUnitReportReporter -->
<testsuite hostname="SUKANNYAG-WIN10" failures="0" tests="10" name="TestRunner.HomePageTest" time="25.412" errors="0" timestamp="2022-08-04T01:13:49 IST" skipped="0">
  <testcase classname="TestRunner.HomePageTest" name="clickAll" time="1.184"/>
  <system-out/>
  <testcase classname="TestRunner.HomePageTest" name="clickOnElectronic" time="3.270"/>
  <system-out/>
  <testcase classname="TestRunner.HomePageTest" name="selectTV" time="6.155"/>
  <system-out/>
  <testcase classname="TestRunner.HomePageTest" name="Televisions" time="2.550"/>
  <system-out/>
  <testcase classname="TestRunner.HomePageTest" name="samsung" time="0.616"/>
  <system-out/>
  <testcase classname="TestRunner.HomePageTest" name="sort" time="1.906"/>
  <system-out/>
  <testcase classname="TestRunner.HomePageTest" name="highToLow" time="0.226"/>
  <system-out/>
  <testcase classname="TestRunner.HomePageTest" name="selectSecondItem" time="6.458"/>
  <system-out/>
  <testcase classname="TestRunner.HomePageTest" name="getBack" time="2.987"/>
  <system-out/>
  <testcase classname="TestRunner.HomePageTest" name="scrolldown" time="0.060"/>
  <system-out/>
</testsuite> <!-- TestRunner.HomePageTest -->
